<?xml version="1.0" encoding="UTF-8" ?>
<testsuite failures="0" time="0.737" errors="0" skipped="0" tests="18" name="fr.natoine.controler.annotation.AnnotationControlerTest">
  <properties>
[...]
</properties>
  <testcase time="0.302" classname="fr.natoine.controler.annotation.AnnotationControlerTest" name="testCreateAnnotationStatus"/>
  <testcase time="0.006" classname="fr.natoine.controler.annotation.AnnotationControlerTest" name="testRetrieveAnnotationStatus"/>
  <testcase time="0.008" classname="fr.natoine.controler.annotation.AnnotationControlerTest" name="testRetrieveAllAnnotationStatus"/>
  <testcase time="0.015" classname="fr.natoine.controler.annotation.AnnotationControlerTest" name="testCreateSimpleCommentStatus"/>
  <testcase time="0.008" classname="fr.natoine.controler.annotation.AnnotationControlerTest" name="testCreateAccordDesaccordStatus"/>
  <testcase time="0.005" classname="fr.natoine.controler.annotation.AnnotationControlerTest" name="testCreateComplexAnnotationSample"/>
  <testcase time="0.015" classname="fr.natoine.controler.annotation.AnnotationControlerTest" name="testCreateAnnotation"/>
  <testcase time="0.012" classname="fr.natoine.controler.annotation.AnnotationControlerTest" name="testCreateAnnotationHTML"/>
  <testcase time="0.035" classname="fr.natoine.controler.annotation.AnnotationControlerTest" name="testRetrieveAnnotation"/>
  <testcase time="0.026" classname="fr.natoine.controler.annotation.AnnotationControlerTest" name="testRetrieveAnnotations"/>
  <testcase time="0.021" classname="fr.natoine.controler.annotation.AnnotationControlerTest" name="testCreateTag"/>
  <testcase time="0.1" classname="fr.natoine.controler.annotation.AnnotationControlerTest" name="testRetrieveTags"/>
  <testcase time="0.023" classname="fr.natoine.controler.annotation.AnnotationControlerTest" name="testCreateTagAgent"/>
  <testcase time="0.037" classname="fr.natoine.controler.annotation.AnnotationControlerTest" name="testRetrieveTagAgents"/>
  <testcase time="0.031" classname="fr.natoine.controler.annotation.AnnotationControlerTest" name="testNBAnnotations"/>
  <testcase time="0.029" classname="fr.natoine.controler.annotation.AnnotationControlerTest" name="testCreateTopic"/>
  <testcase time="0.029" classname="fr.natoine.controler.annotation.AnnotationControlerTest" name="testRetrieveTopic"/>
  <testcase time="0.011" classname="fr.natoine.controler.annotation.AnnotationControlerTest" name="testRetrieveAllSimpleTextStatus"/>
</testsuite>